[0mGET /api/employees [32m200[0m 6.955 ms - 26[0m
[0mGET /api/employees [32m200[0m 5.618 ms - 26[0m
[0mGET /favicon.ico [33m404[0m 2.341 ms - 150[0m
[0mGET /api/employees [32m200[0m 1.968 ms - 26[0m
[0mPOST /api/employees [32m201[0m 22.885 ms - 125[0m
[0mPOST /api/employees [32m201[0m 2.137 ms - 124[0m
[0mGET /api/employees [32m200[0m 1.920 ms - 228[0m
[0mPOST /api/employees [32m201[0m 2.634 ms - 124[0m
[0mPUT /api/employees/3 [32m200[0m 7.262 ms - 124[0m
[0mGET /api/employees [32m200[0m 1.634 ms - 329[0m
[0mPOST /api/employees [32m201[0m 1.974 ms - 124[0m
[0mDELETE /api/employees/4 [32m200[0m 2.398 ms - 25[0m
[0mGET /api/employees [32m200[0m 1.981 ms - 329[0m
[0mGET /api/employees [36m304[0m 14.393 ms - -[0m
[0mGET /api/employees [36m304[0m 5.427 ms - -[0m
[0mGET /api/employees [36m304[0m 4.301 ms - -[0m
[0mGET /api/employees [36m304[0m 10.605 ms - -[0m
[0mGET /api/employees [36m304[0m 3.788 ms - -[0m
[0mGET /api/employees [36m304[0m 5.931 ms - -[0m
[0mGET /api/employees [36m304[0m 5.264 ms - -[0m
[0mGET /api/employees [36m304[0m 5.022 ms - -[0m
[0mGET /api/employees [36m304[0m 2.885 ms - -[0m
[0mGET /api/employees [36m304[0m 2.464 ms - -[0m
[0mGET /api/employees [36m304[0m 4.823 ms - -[0m
[0mGET /api/employees [32m200[0m 1.791 ms - 26[0m
[0mPOST /api/employees [32m201[0m 77.162 ms - 124[0m
[0mPOST /api/employees [32m201[0m 64.197 ms - 124[0m
[0mPOST /api/employees [32m201[0m 66.290 ms - 154[0m
[0mGET /api/employees [32m200[0m 3.709 ms - 410[0m
[0mGET /api/employees [36m304[0m 2.876 ms - -[0m
[0mGET /api/employees [36m304[0m 9.800 ms - -[0m
[0mGET /api/employees [36m304[0m 3.482 ms - -[0m
[0mGET /api/employees [36m304[0m 8.801 ms - -[0m
[0mGET /api/employees [36m304[0m 3.212 ms - -[0m
[0mGET /api/employees [36m304[0m 2.678 ms - -[0m
[0mGET /api/employees [36m304[0m 2.967 ms - -[0m
[0mGET /api/employees [36m304[0m 7.421 ms - -[0m
[0mGET /api/employees [36m304[0m 5.294 ms - -[0m
[0mGET /api/employees [36m304[0m 1.721 ms - -[0m
[0mGET /api/employees [36m304[0m 3.518 ms - -[0m
[0mGET /api/employees [36m304[0m 8.280 ms - -[0m
[0mGET /api/employees [36m304[0m 2.683 ms - -[0m
[0mGET /api/employees [36m304[0m 9.196 ms - -[0m
[0mGET /api/employees [36m304[0m 9.147 ms - -[0m
[0mGET /api/employees [36m304[0m 4.784 ms - -[0m
[0mGET /api/employees [36m304[0m 2.745 ms - -[0m
[0mGET /api/employees [36m304[0m 2.603 ms - -[0m
[0mGET /api/employees [36m304[0m 7.876 ms - -[0m
[0mGET /api/employees [36m304[0m 3.019 ms - -[0m
[0mGET /api/employees [36m304[0m 2.878 ms - -[0m
[0mGET /api/employees [36m304[0m 1.973 ms - -[0m
[0mGET /api/employees [36m304[0m 4.463 ms - -[0m
[0mGET /api/employees [36m304[0m 3.083 ms - -[0m
[0mGET /api/employees [36m304[0m 2.810 ms - -[0m
[0mGET /api/employees [36m304[0m 19.844 ms - -[0m
[0mGET /api/employees [36m304[0m 2.530 ms - -[0m
[0mGET /api/employees [36m304[0m 3.295 ms - -[0m
[0mGET /api/employees [36m304[0m 4.842 ms - -[0m
[0mGET /api/employees [36m304[0m 3.088 ms - -[0m
[0mGET /api/employees [36m304[0m 2.907 ms - -[0m
[0mGET /api/employees [36m304[0m 2.611 ms - -[0m
[0mGET /api/employees [36m304[0m 2.584 ms - -[0m
[0mGET /api/employees [36m304[0m 8.610 ms - -[0m
[0mGET /api/employees [36m304[0m 2.378 ms - -[0m
[0mGET /api/employees [36m304[0m 2.799 ms - -[0m
[0mGET /api/employees [36m304[0m 10.035 ms - -[0m
[0mGET /api/employees [36m304[0m 3.784 ms - -[0m
[0mGET /api/employees [36m304[0m 3.156 ms - -[0m
[0mGET /api/employees [36m304[0m 3.561 ms - -[0m
[0mGET /api/employees [36m304[0m 5.173 ms - -[0m
[0mGET /api/employees [36m304[0m 4.393 ms - -[0m
[0mGET /api/employees [36m304[0m 3.353 ms - -[0m
[0mGET /api/employees [36m304[0m 2.304 ms - -[0m
[0mGET /api/employees [36m304[0m 2.490 ms - -[0m
[0mGET /api/employees [36m304[0m 2.663 ms - -[0m
[0mGET /api/employees [36m304[0m 2.388 ms - -[0m
[0mGET /api/employees [36m304[0m 6.047 ms - -[0m
[0mGET /api/employees [36m304[0m 19.169 ms - -[0m
[0mGET /api/employees [36m304[0m 7.739 ms - -[0m
[0mGET /api/employees [36m304[0m 6.259 ms - -[0m
[0mGET /api/employees [36m304[0m 3.745 ms - -[0m
[0mGET /api/employees [36m304[0m 3.554 ms - -[0m
[0mGET /api/employees [36m304[0m 3.241 ms - -[0m
[0mGET /api/employees [36m304[0m 2.671 ms - -[0m
[0mGET /api/employees [36m304[0m 7.608 ms - -[0m
[0mGET /api/employees [36m304[0m 2.247 ms - -[0m
[0mGET /api/employees [36m304[0m 6.362 ms - -[0m
[0mGET /api/employees [36m304[0m 4.094 ms - -[0m
[0mGET /api/employees [36m304[0m 2.618 ms - -[0m
[0mGET /api/employees [36m304[0m 2.343 ms - -[0m
[0mGET /api/employees [36m304[0m 2.338 ms - -[0m
[0mGET /api/employees [36m304[0m 2.552 ms - -[0m
[0mGET /api/employees [36m304[0m 8.680 ms - -[0m
[0mGET /api/employees [36m304[0m 10.569 ms - -[0m
[0mGET /api/employees [36m304[0m 5.521 ms - -[0m
[0mGET /api/employees [36m304[0m 2.760 ms - -[0m
[0mGET /api/employees [36m304[0m 4.353 ms - -[0m
[0mGET /api/employees [36m304[0m 12.059 ms - -[0m
[0mGET /api/employees [36m304[0m 2.263 ms - -[0m
[0mGET /api/employees [36m304[0m 4.677 ms - -[0m
[0mGET /api/employees [36m304[0m 13.343 ms - -[0m
[0mGET /api/employees [36m304[0m 11.131 ms - -[0m
[0mGET /api/employees [36m304[0m 2.166 ms - -[0m
[0mGET /api/employees [36m304[0m 5.250 ms - -[0m
[0mGET /api/employees [36m304[0m 7.302 ms - -[0m
[0mGET /api/employees [36m304[0m 5.613 ms - -[0m
[0mGET /api/employees [36m304[0m 6.779 ms - -[0m
[0mGET /api/employees [36m304[0m 4.403 ms - -[0m
[0mGET /api/employees [36m304[0m 17.014 ms - -[0m
[0mGET /api/employees [36m304[0m 8.502 ms - -[0m
[0mGET /api/employees [36m304[0m 9.221 ms - -[0m
[0mGET /api/employees [36m304[0m 9.277 ms - -[0m
[0mGET /api/employees [36m304[0m 3.613 ms - -[0m
[0mGET /api/employees [36m304[0m 25.737 ms - -[0m
[0mGET /api/employees [36m304[0m 3.374 ms - -[0m
[0mGET /api/employees [36m304[0m 4.635 ms - -[0m
[0mGET /api/employees [36m304[0m 8.362 ms - -[0m
[0mGET /api/employees [36m304[0m 7.069 ms - -[0m
[0mGET /api/employees [36m304[0m 4.027 ms - -[0m
[0mGET /api/employees [36m304[0m 2.553 ms - -[0m
[0mGET /api/employees [36m304[0m 1.986 ms - -[0m
[0mGET /api/employees [36m304[0m 8.669 ms - -[0m
[0mGET /api/employees [36m304[0m 8.244 ms - -[0m
[0mGET /api/employees [36m304[0m 3.402 ms - -[0m
[0mGET /api/employees [36m304[0m 8.653 ms - -[0m
[0mGET /api/employees [36m304[0m 6.615 ms - -[0m
[0mGET /api/employees [36m304[0m 23.378 ms - -[0m
[0mGET /api/employees [36m304[0m 2.416 ms - -[0m
[0mGET /api/employees [36m304[0m 2.377 ms - -[0m
[0mGET /api/employees [36m304[0m 4.298 ms - -[0m
[0mGET /api/employees [36m304[0m 6.003 ms - -[0m
[0mGET /api/employees [36m304[0m 10.649 ms - -[0m
[0mGET /api/employees [36m304[0m 8.682 ms - -[0m
[0mGET /api/employees [36m304[0m 5.896 ms - -[0m
[0mGET /api/employees [36m304[0m 13.882 ms - -[0m
[0mGET /api/employees [36m304[0m 6.901 ms - -[0m
[0mGET /api/employees [36m304[0m 5.545 ms - -[0m
[0mGET /api/employees [36m304[0m 2.201 ms - -[0m
[0mGET /api/employees [36m304[0m 5.948 ms - -[0m
[0mGET /api/employees [36m304[0m 9.427 ms - -[0m
[0mGET /api/employees [36m304[0m 3.696 ms - -[0m
[0mGET /api/employees [36m304[0m 2.165 ms - -[0m
[0mGET /api/employees [36m304[0m 5.487 ms - -[0m
[0mGET /api/employees [36m304[0m 4.915 ms - -[0m
[0mGET /api/employees [36m304[0m 2.481 ms - -[0m
[0mGET /api/employees [36m304[0m 3.037 ms - -[0m
[0mGET /api/employees [36m304[0m 3.300 ms - -[0m
[0mGET /api/employees [36m304[0m 4.192 ms - -[0m
[0mGET /api/employees [36m304[0m 6.035 ms - -[0m
[0mGET /api/employees [36m304[0m 6.938 ms - -[0m
[0mGET /api/employees [36m304[0m 2.850 ms - -[0m
[0mGET /api/employees [36m304[0m 3.640 ms - -[0m
[0mGET /api/employees [36m304[0m 5.629 ms - -[0m
[0mGET /api/employees [36m304[0m 12.534 ms - -[0m
[0mGET /api/employees [36m304[0m 2.131 ms - -[0m
[0mGET /api/employees [36m304[0m 3.412 ms - -[0m
[0mGET /api/employees [36m304[0m 3.115 ms - -[0m
[0mGET /api/employees [36m304[0m 5.053 ms - -[0m
[0mGET /api/employees [36m304[0m 5.976 ms - -[0m
[0mGET /api/employees [36m304[0m 4.399 ms - -[0m
[0mGET /api/employees [36m304[0m 2.588 ms - -[0m
[0mGET /api/employees [36m304[0m 2.318 ms - -[0m
[0mGET /api/employees [36m304[0m 8.354 ms - -[0m
[0mGET /api/employees [36m304[0m 4.113 ms - -[0m
[0mGET /api/employees [36m304[0m 4.991 ms - -[0m
[0mGET /api/employees [36m304[0m 11.426 ms - -[0m
[0mGET /api/employees [36m304[0m 4.311 ms - -[0m
[0mGET /api/employees [36m304[0m 5.120 ms - -[0m
[0mGET /api/employees [36m304[0m 6.771 ms - -[0m
[0mGET /api/employees [36m304[0m 4.279 ms - -[0m
[0mGET /api/employees [36m304[0m 3.695 ms - -[0m
[0mGET /api/employees [32m200[0m 35.298 ms - 794[0m
[0mOPTIONS /api/employees [32m204[0m 0.434 ms - 0[0m
[0mPOST /api/employees [32m201[0m 104.033 ms - 152[0m
[0mGET /api/employees [32m200[0m 13.068 ms - 921[0m
[0mGET /api/employees [36m304[0m 5.872 ms - -[0m
[0mGET /api/employees [36m304[0m 4.120 ms - -[0m
[0mGET /api/employees [36m304[0m 16.367 ms - -[0m
[0mGET /api/employees [36m304[0m 26.034 ms - -[0m
[0mGET /api/employees [36m304[0m 3.441 ms - -[0m
[0mGET /api/employees [36m304[0m 12.021 ms - -[0m
[0mGET /api/employees [36m304[0m 14.928 ms - -[0m
[0mGET /api/employees [36m304[0m 18.036 ms - -[0m
[0mGET /api/employees [36m304[0m 13.403 ms - -[0m
[0mGET /api/employees [36m304[0m 14.402 ms - -[0m
[0mGET /api/employees [36m304[0m 12.200 ms - -[0m
[0mGET /api/employees [36m304[0m 4.687 ms - -[0m
[0mGET /api/employees [36m304[0m 13.372 ms - -[0m
[0mGET /api/employees [36m304[0m 4.087 ms - -[0m
[0mGET /api/employees [36m304[0m 8.649 ms - -[0m
[0mGET /api/employees [36m304[0m 6.330 ms - -[0m
[0mGET /api/employees [36m304[0m 3.502 ms - -[0m
[0mGET /api/employees [36m304[0m 12.653 ms - -[0m
[0mGET /api/employees [36m304[0m 15.690 ms - -[0m
[0mGET /api/employees [36m304[0m 13.446 ms - -[0m
[0mGET /api/employees [32m200[0m 12.615 ms - 26[0m
[0mGET /api/employees [36m304[0m 14.391 ms - -[0m
[0mGET /api/employees [36m304[0m 7.890 ms - -[0m
[0mGET /api/employees [36m304[0m 11.952 ms - -[0m
[0mGET /api/employees [36m304[0m 4.059 ms - -[0m
[0mGET /api/employees [36m304[0m 2.741 ms - -[0m
[0mGET /api/employees [36m304[0m 13.573 ms - -[0m
[0mGET /api/employees [36m304[0m 12.345 ms - -[0m
[0mGET /api/employees [36m304[0m 2.774 ms - -[0m
[0mGET /api/employees [36m304[0m 1.928 ms - -[0m
[0mGET /api/employees [36m304[0m 1.845 ms - -[0m
[0mGET /api/employees [36m304[0m 2.297 ms - -[0m
[0mGET /api/employees [36m304[0m 11.937 ms - -[0m
[0mOPTIONS /api/employees [32m204[0m 0.485 ms - 0[0m
[0mPOST /api/employees [32m201[0m 75.463 ms - 155[0m
[0mGET /api/employees [32m200[0m 2.253 ms - 155[0m
[0mGET /api/employees [36m304[0m 2.543 ms - -[0m
[0mGET /api/employees [36m304[0m 2.287 ms - -[0m
[0mGET /api/employees [36m304[0m 2.971 ms - -[0m
[0mGET /api/employees [36m304[0m 2.719 ms - -[0m
[0mGET /api/employees [36m304[0m 1.755 ms - -[0m
[0mGET /api/employees [36m304[0m 22.914 ms - -[0m
[0mGET /api/employees [36m304[0m 6.714 ms - -[0m
[0mGET /api/employees [36m304[0m 7.937 ms - -[0m
[0mGET /api/employees [36m304[0m 6.088 ms - -[0m
[0mGET /api/employees [36m304[0m 10.648 ms - -[0m
[0mGET /api/employees [36m304[0m 14.533 ms - -[0m
[0mGET /api/employees [36m304[0m 10.147 ms - -[0m
[0mGET /api/employees [36m304[0m 2.351 ms - -[0m
[0mGET /api/employees [36m304[0m 7.215 ms - -[0m
[0mGET /api/employees [36m304[0m 3.381 ms - -[0m
[0mGET /api/employees [36m304[0m 2.310 ms - -[0m
[0mGET /api/employees [36m304[0m 2.118 ms - -[0m
[0mGET /api/employees [36m304[0m 16.779 ms - -[0m
[0mGET /api/employees [36m304[0m 6.216 ms - -[0m
[0mGET /api/employees [36m304[0m 13.166 ms - -[0m
[0mGET /api/employees [36m304[0m 11.979 ms - -[0m
[0mGET /api/employees [36m304[0m 9.746 ms - -[0m
[0mGET /api/employees [36m304[0m 14.174 ms - -[0m
[0mGET /api/employees [36m304[0m 2.191 ms - -[0m
[0mGET /api/employees [36m304[0m 2.267 ms - -[0m
[0mGET /api/employees [36m304[0m 2.609 ms - -[0m
[0mGET /api/employees [36m304[0m 11.362 ms - -[0m
[0mGET /api/employees [36m304[0m 6.683 ms - -[0m
[0mGET /api/employees [36m304[0m 2.568 ms - -[0m
[0mGET /api/employees [36m304[0m 2.292 ms - -[0m
[0mGET /api/employees [36m304[0m 3.652 ms - -[0m
[0mGET /api/employees [36m304[0m 14.694 ms - -[0m
[0mGET /api/employees [36m304[0m 9.248 ms - -[0m
[0mGET /api/employees [36m304[0m 5.949 ms - -[0m
[0mGET /api/employees [36m304[0m 6.457 ms - -[0m
[0mGET /api/employees [36m304[0m 5.442 ms - -[0m
[0mGET /api/employees [36m304[0m 7.200 ms - -[0m
[0mOPTIONS /api/employees [32m204[0m 0.184 ms - 0[0m
[0mPOST /api/employees [32m201[0m 71.235 ms - 152[0m
[0mGET /api/employees [32m200[0m 7.061 ms - 282[0m
[0mGET /api/employees [36m304[0m 36.672 ms - -[0m
[0mOPTIONS /api/employees [32m204[0m 0.793 ms - 0[0m
[0mPOST /api/employees [32m201[0m 81.460 ms - 151[0m
[0mGET /api/employees [32m200[0m 2.859 ms - 668[0m
[0mGET /api/employees [36m304[0m 14.210 ms - -[0m
[0mGET /api/employees [36m304[0m 68.998 ms - -[0m
[0mGET /api/employees [36m304[0m 3.529 ms - -[0m
[0mGET /api/employees [36m304[0m 5.478 ms - -[0m
[0mGET /api/employees [36m304[0m 3.380 ms - -[0m
[0mGET /api/employees [36m304[0m 32.759 ms - -[0m
[0mGET /api/employees [36m304[0m 3.338 ms - -[0m
[0mGET /api/employees [36m304[0m 8.624 ms - -[0m
[0mGET /api/employees [36m304[0m 4.767 ms - -[0m
[0mGET /api/employees [36m304[0m 6.228 ms - -[0m
[0mGET /api/employees [36m304[0m 2.831 ms - -[0m
[0mGET /api/employees [36m304[0m 8.265 ms - -[0m
[0mGET /api/employees [36m304[0m 3.274 ms - -[0m
[0mGET /api/employees [36m304[0m 4.210 ms - -[0m
[0mGET /api/employees [36m304[0m 2.576 ms - -[0m
[0mGET /api/employees [36m304[0m 26.794 ms - -[0m
[0mGET /api/employees [36m304[0m 2.685 ms - -[0m
[0mGET /api/employees [36m304[0m 77.180 ms - -[0m
[0mGET /api/employees [36m304[0m 2.666 ms - -[0m
[0mGET /api/employees [36m304[0m 5.583 ms - -[0m
[0mGET /api/employees [36m304[0m 2.540 ms - -[0m
[0mGET /api/employees [36m304[0m 33.798 ms - -[0m
[0mGET /api/employees [36m304[0m 3.651 ms - -[0m
[0mGET /api/employees [36m304[0m 20.191 ms - -[0m
[0mGET /api/employees [36m304[0m 3.120 ms - -[0m
[0mGET /api/employees [36m304[0m 19.290 ms - -[0m
[0mGET /api/employees [36m304[0m 2.247 ms - -[0m
[0mGET /api/employees [36m304[0m 55.123 ms - -[0m
[0mGET /api/employees [36m304[0m 2.507 ms - -[0m
[0mGET /api/employees [36m304[0m 12.519 ms - -[0m
[0mGET /api/employees [36m304[0m 2.231 ms - -[0m
[0mGET /api/employees [36m304[0m 40.194 ms - -[0m
[0mGET /api/employees [36m304[0m 2.307 ms - -[0m
[0mGET /api/employees [36m304[0m 13.429 ms - -[0m
[0mGET /api/employees [36m304[0m 3.259 ms - -[0m
[0mGET /api/employees [36m304[0m 24.390 ms - -[0m
[0mGET /api/employees [36m304[0m 3.264 ms - -[0m
[0mGET /api/employees [36m304[0m 21.116 ms - -[0m
[0mGET /api/employees [36m304[0m 3.615 ms - -[0m
[0mGET /api/employees [36m304[0m 21.692 ms - -[0m
[0mGET /api/employees [36m304[0m 2.529 ms - -[0m
[0mGET /api/employees [36m304[0m 10.638 ms - -[0m
[0mGET /api/employees [36m304[0m 4.240 ms - -[0m
[0mGET /api/employees [36m304[0m 3.806 ms - -[0m
[0mGET /api/employees [36m304[0m 2.140 ms - -[0m
[0mGET /api/employees [36m304[0m 30.404 ms - -[0m
[0mGET /api/employees [36m304[0m 2.537 ms - -[0m
[0mGET /api/employees [36m304[0m 40.078 ms - -[0m
[0mGET /api/employees [36m304[0m 3.248 ms - -[0m
[0mGET /api/employees [36m304[0m 5.427 ms - -[0m
[0mGET /api/employees [36m304[0m 2.357 ms - -[0m
[0mGET /api/employees [36m304[0m 3.563 ms - -[0m
[0mGET /api/employees [36m304[0m 1.937 ms - -[0m
[0mGET /api/employees [36m304[0m 22.393 ms - -[0m
[0mGET /api/employees [36m304[0m 2.234 ms - -[0m
[0mGET /api/employees [36m304[0m 5.051 ms - -[0m
[0mGET /api/employees [36m304[0m 3.228 ms - -[0m
[0mGET /api/employees [36m304[0m 74.580 ms - -[0m
[0mGET /api/employees [36m304[0m 2.634 ms - -[0m
[0mGET /api/employees [36m304[0m 21.477 ms - -[0m
[0mGET /api/employees [36m304[0m 2.332 ms - -[0m
[0mGET /api/employees [36m304[0m 29.278 ms - -[0m
[0mGET /api/employees [36m304[0m 2.349 ms - -[0m
[0mGET /api/employees [36m304[0m 32.963 ms - -[0m
[0mGET /api/employees [36m304[0m 2.615 ms - -[0m
[0mGET /api/employees [36m304[0m 19.120 ms - -[0m
[0mGET /api/employees [36m304[0m 2.514 ms - -[0m
[0mGET /api/employees [36m304[0m 59.015 ms - -[0m
[0mGET /api/employees [36m304[0m 2.362 ms - -[0m
[0mGET /api/employees [36m304[0m 10.615 ms - -[0m
[0mGET /api/employees [36m304[0m 2.069 ms - -[0m
[0mGET /api/employees [36m304[0m 8.706 ms - -[0m
[0mGET /api/employees [36m304[0m 2.435 ms - -[0m
[0mGET /api/employees [36m304[0m 40.458 ms - -[0m
[0mGET /api/employees [36m304[0m 2.030 ms - -[0m
[0mGET /api/employees [36m304[0m 10.256 ms - -[0m
[0mGET /api/employees [36m304[0m 3.970 ms - -[0m
[0mGET /api/employees [36m304[0m 22.856 ms - -[0m
[0mGET /api/employees [36m304[0m 2.259 ms - -[0m
[0mGET /api/employees [36m304[0m 20.356 ms - -[0m
[0mGET /api/employees [36m304[0m 2.033 ms - -[0m
[0mGET /api/employees [36m304[0m 16.597 ms - -[0m
[0mGET /api/employees [36m304[0m 2.877 ms - -[0m
[0mGET /api/employees [36m304[0m 18.023 ms - -[0m
[0mGET /api/employees [36m304[0m 4.782 ms - -[0m
[0mGET /api/employees [36m304[0m 4.656 ms - -[0m
[0mGET /api/employees [36m304[0m 2.788 ms - -[0m
[0mGET /api/employees [36m304[0m 14.441 ms - -[0m
[0mGET /api/employees [36m304[0m 1.648 ms - -[0m
[0mGET /api/employees [36m304[0m 34.026 ms - -[0m
[0mGET /api/employees [36m304[0m 2.092 ms - -[0m
[0mGET /api/employees [36m304[0m 6.430 ms - -[0m
[0mGET /api/employees [36m304[0m 2.053 ms - -[0m
[0mGET /api/employees [36m304[0m 4.275 ms - -[0m
[0mGET /api/employees [36m304[0m 2.117 ms - -[0m
[0mGET /api/employees [36m304[0m 24.610 ms - -[0m
[0mGET /api/employees [36m304[0m 2.854 ms - -[0m
[0mGET /api/employees [36m304[0m 8.986 ms - -[0m
[0mGET /api/employees [36m304[0m 2.554 ms - -[0m
[0mGET /api/employees [36m304[0m 15.406 ms - -[0m
[0mGET /api/employees [36m304[0m 4.932 ms - -[0m
[0mGET /api/employees [36m304[0m 4.175 ms - -[0m
[0mGET /api/employees [36m304[0m 2.340 ms - -[0m
[0mGET /api/employees [36m304[0m 7.294 ms - -[0m
[0mGET /api/employees [36m304[0m 2.399 ms - -[0m
[0mGET /api/employees [36m304[0m 15.509 ms - -[0m
[0mGET /api/employees [36m304[0m 2.798 ms - -[0m
